2018-05-21 17:20:54,310 - root - INFO - 输入账号
2018-05-21 17:20:54,452 - root - INFO - 输入密码
2018-05-21 17:20:54,544 - root - INFO - 开始登陆
2018-05-21 17:20:54,545 - root - INFO - 登陆操作
2018-05-21 17:20:59,459 - root - INFO - 获取内推码
2018-05-21 18:00:36,603 - root - INFO - 输入账号
2018-05-21 18:00:36,755 - root - INFO - 输入密码
2018-05-21 18:00:36,845 - root - INFO - 开始登陆
2018-05-21 18:00:36,845 - root - INFO - 登陆完成
2018-05-21 18:00:41,778 - root - INFO - 获取内推码
2018-05-21 18:00:43,983 - root - INFO - 输入账号
2018-05-21 18:00:44,116 - root - INFO - 输入密码
2018-05-21 18:00:44,209 - root - INFO - 开始登陆
2018-05-21 18:00:44,209 - root - INFO - 登陆完成
2018-05-21 18:00:47,378 - root - INFO - 获取内推码
2018-05-21 18:00:49,725 - root - INFO - 进入注册页面
2018-05-21 18:00:49,857 - root - INFO - 输入注册账号
2018-05-21 18:00:49,961 - root - INFO - 输入注册密码
2018-05-21 18:00:50,065 - root - INFO - 确认注册密码
2018-05-21 18:00:50,147 - root - INFO - 复制输入内推码
2018-05-21 18:00:50,223 - root - INFO - 开始注册
2018-05-21 18:01:03,302 - root - INFO - 注册完成
2018-05-21 18:01:03,303 - root - INFO - 注册失败断言
2018-05-21 18:01:13,456 - root - INFO - 进入注册页面
2018-05-21 18:01:13,623 - root - INFO - 输入注册账号
2018-05-21 18:01:13,737 - root - INFO - 输入注册密码
2018-05-21 18:01:13,840 - root - INFO - 确认注册密码
2018-05-21 18:01:13,909 - root - INFO - 复制输入内推码
2018-05-21 18:01:13,989 - root - INFO - 开始注册
2018-05-21 18:01:17,067 - root - INFO - 返回登陆界面
2018-05-21 18:01:18,070 - root - INFO - 注册失败断言
2018-05-21 18:01:28,215 - root - INFO - 进入注册页面
2018-05-21 18:01:28,355 - root - INFO - 输入注册账号
2018-05-21 18:01:28,459 - root - INFO - 输入注册密码
2018-05-21 18:01:28,563 - root - INFO - 确认注册密码
2018-05-21 18:01:28,645 - root - INFO - 复制输入内推码
2018-05-21 18:01:28,723 - root - INFO - 开始注册
2018-05-21 18:01:31,793 - root - INFO - 返回登陆界面
2018-05-21 18:01:32,794 - root - INFO - 注册失败断言
2018-05-21 18:01:42,890 - root - INFO - 进入注册页面
2018-05-21 18:01:43,019 - root - INFO - 输入注册账号
2018-05-21 18:01:43,124 - root - INFO - 输入注册密码
2018-05-21 18:01:43,222 - root - INFO - 确认注册密码
2018-05-21 18:01:43,295 - root - INFO - 复制输入内推码
2018-05-21 18:01:43,374 - root - INFO - 开始注册
2018-05-21 18:01:46,445 - root - INFO - 返回登陆界面
2018-05-21 18:01:47,445 - root - INFO - 注册失败断言
2018-05-21 18:11:00,563 - root - INFO - 进入注册页面
2018-05-21 18:11:00,737 - root - INFO - 输入注册账号
2018-05-21 18:11:00,858 - root - INFO - 输入注册密码
2018-05-21 18:11:00,965 - root - INFO - 确认注册密码
2018-05-21 18:11:01,037 - root - INFO - 复制输入内推码
2018-05-21 18:11:01,115 - root - INFO - 开始注册
2018-05-21 18:11:04,193 - root - INFO - 返回登陆界面
2018-05-21 18:11:05,194 - root - INFO - 注册失败断言
2018-05-21 18:11:15,372 - root - INFO - 进入注册页面
2018-05-21 18:11:15,540 - root - INFO - 输入注册账号
2018-05-21 18:11:15,658 - root - INFO - 输入注册密码
2018-05-21 18:11:15,761 - root - INFO - 确认注册密码
2018-05-21 18:11:15,847 - root - INFO - 复制输入内推码
2018-05-21 18:11:15,929 - root - INFO - 开始注册
2018-05-21 18:11:19,008 - root - INFO - 返回登陆界面
2018-05-21 18:11:20,009 - root - INFO - 注册失败断言
2018-05-21 18:11:30,197 - root - INFO - 进入注册页面
2018-05-21 18:11:30,380 - root - INFO - 输入注册账号
2018-05-21 18:11:30,501 - root - INFO - 输入注册密码
2018-05-21 18:11:30,629 - root - INFO - 确认注册密码
2018-05-21 18:11:30,722 - root - INFO - 复制输入内推码
2018-05-21 18:11:30,799 - root - INFO - 开始注册
2018-05-21 18:11:33,878 - root - INFO - 返回登陆界面
2018-05-21 18:11:34,879 - root - INFO - 注册失败断言
2018-05-21 18:11:45,046 - root - INFO - 进入注册页面
2018-05-21 18:11:45,215 - root - INFO - 输入注册账号
2018-05-21 18:11:45,347 - root - INFO - 输入注册密码
2018-05-21 18:11:45,462 - root - INFO - 确认注册密码
2018-05-21 18:11:45,550 - root - INFO - 复制输入内推码
2018-05-21 18:11:45,643 - root - INFO - 开始注册
2018-05-21 18:11:48,745 - root - INFO - 返回登陆界面
2018-05-21 18:11:49,747 - root - INFO - 注册失败断言
2018-05-21 18:18:13,200 - root - INFO - 输入账号
2018-05-21 18:18:13,375 - root - INFO - 输入密码
2018-05-21 18:18:13,464 - root - INFO - 开始登陆
2018-05-21 18:18:13,465 - root - INFO - 登陆完成
2018-05-21 18:18:18,725 - root - INFO - 获取内推码
2018-05-21 18:18:20,977 - root - INFO - 输入账号
2018-05-21 18:18:21,148 - root - INFO - 输入密码
2018-05-21 18:18:21,229 - root - INFO - 开始登陆
2018-05-21 18:18:21,229 - root - INFO - 登陆完成
2018-05-21 18:18:24,430 - root - INFO - 获取内推码
2018-05-21 18:18:26,895 - root - INFO - 进入注册页面
2018-05-21 18:18:27,074 - root - INFO - 输入注册账号
2018-05-21 18:18:27,214 - root - INFO - 输入注册密码
2018-05-21 18:18:27,344 - root - INFO - 确认注册密码
2018-05-21 18:18:27,470 - root - INFO - 复制输入内推码
2018-05-21 18:18:27,559 - root - INFO - 开始注册
2018-05-21 18:18:40,590 - root - INFO - 注册完成
2018-05-21 18:18:40,591 - root - INFO - 注册失败断言
2018-05-21 18:18:40,592 - root - INFO - __________end____________
2018-05-21 18:18:50,732 - root - INFO - 进入注册页面
2018-05-21 18:18:50,920 - root - INFO - 输入注册账号
2018-05-21 18:18:51,045 - root - INFO - 输入注册密码
2018-05-21 18:18:51,165 - root - INFO - 确认注册密码
2018-05-21 18:18:51,273 - root - INFO - 复制输入内推码
2018-05-21 18:18:51,353 - root - INFO - 开始注册
2018-05-21 18:18:54,449 - root - INFO - 返回登陆界面
2018-05-21 18:18:55,449 - root - INFO - 注册失败断言
2018-05-21 18:18:55,450 - root - INFO - __________end____________
2018-05-21 18:19:05,625 - root - INFO - 进入注册页面
2018-05-21 18:19:05,756 - root - INFO - 输入注册账号
2018-05-21 18:19:05,865 - root - INFO - 输入注册密码
2018-05-21 18:19:05,976 - root - INFO - 确认注册密码
2018-05-21 18:19:06,043 - root - INFO - 复制输入内推码
2018-05-21 18:19:06,124 - root - INFO - 开始注册
2018-05-21 18:19:09,195 - root - INFO - 返回登陆界面
2018-05-21 18:19:10,196 - root - INFO - 注册失败断言
2018-05-21 18:19:10,196 - root - INFO - __________end____________
2018-05-21 18:19:20,431 - root - INFO - 进入注册页面
2018-05-21 18:19:20,660 - root - INFO - 输入注册账号
2018-05-21 18:19:20,807 - root - INFO - 输入注册密码
2018-05-21 18:19:20,948 - root - INFO - 确认注册密码
2018-05-21 18:19:21,031 - root - INFO - 复制输入内推码
2018-05-21 18:19:21,129 - root - INFO - 开始注册
2018-05-21 18:19:24,226 - root - INFO - 返回登陆界面
2018-05-21 18:19:25,227 - root - INFO - 注册失败断言
2018-05-21 18:19:25,228 - root - INFO - __________end____________
2018-05-21 18:21:21,312 - root - INFO - 输入账号
2018-05-21 18:21:21,458 - root - INFO - 输入密码
2018-05-21 18:21:21,544 - root - INFO - 开始登陆
2018-05-21 18:21:21,545 - root - INFO - 登陆完成
2018-05-21 18:21:26,384 - root - INFO - 获取内推码
2018-05-21 18:21:26,843 - root - INFO - 进入注册页面
2018-05-21 18:21:27,059 - root - INFO - 输入注册账号
2018-05-21 18:21:27,241 - root - INFO - 输入注册密码
2018-05-21 18:21:27,492 - root - INFO - 确认注册密码
2018-05-21 18:21:27,580 - root - INFO - 复制输入内推码
2018-05-21 18:21:27,663 - root - INFO - 开始注册
2018-05-21 18:21:40,774 - root - INFO - 注册完成
2018-05-21 18:21:40,948 - root - INFO - 输入账号
2018-05-21 18:21:41,064 - root - INFO - 输入密码
2018-05-21 18:21:41,143 - root - INFO - 开始登陆
2018-05-21 18:21:41,143 - root - INFO - 登陆完成
2018-05-21 18:21:41,144 - root - INFO - 登陆成功断言
2018-05-21 18:21:41,145 - root - INFO - __________end____________
2018-05-21 18:21:41,377 - root - INFO - 登陆成功断言
2018-05-21 18:21:41,378 - root - INFO - __________end____________
2018-05-21 18:21:42,753 - root - INFO - 登出
2018-05-21 18:21:44,893 - root - INFO - 输入账号
2018-05-21 18:21:45,014 - root - INFO - 输入密码
2018-05-21 18:21:45,090 - root - INFO - 开始登陆
2018-05-21 18:21:45,090 - root - INFO - 登陆完成
2018-05-21 18:21:48,230 - root - INFO - 获取内推码
2018-05-21 18:21:48,414 - root - INFO - 进入注册页面
2018-05-21 18:21:48,593 - root - INFO - 输入注册账号
2018-05-21 18:21:48,708 - root - INFO - 输入注册密码
2018-05-21 18:21:48,831 - root - INFO - 确认注册密码
2018-05-21 18:21:48,913 - root - INFO - 复制输入内推码
2018-05-21 18:21:48,994 - root - INFO - 开始注册
2018-05-21 18:22:02,079 - root - INFO - 注册完成
2018-05-21 18:22:02,199 - root - INFO - 进入注册页面
2018-05-21 18:22:02,361 - root - INFO - 输入注册账号
2018-05-21 18:22:02,491 - root - INFO - 输入注册密码
2018-05-21 18:22:02,627 - root - INFO - 确认注册密码
2018-05-21 18:22:02,710 - root - INFO - 复制输入内推码
2018-05-21 18:22:02,784 - root - INFO - 开始注册
2018-05-21 18:22:05,865 - root - INFO - 返回登陆界面
2018-05-21 18:22:06,867 - root - INFO - 注册完成
2018-05-21 18:22:07,077 - root - INFO - 输入账号
2018-05-21 18:22:07,215 - root - INFO - 输入密码
2018-05-21 18:22:07,328 - root - INFO - 开始登陆
2018-05-21 18:22:07,329 - root - INFO - 登陆完成
2018-05-21 18:22:07,330 - root - INFO - 登陆失败断言
2018-05-21 18:22:07,331 - root - INFO - __________end____________
2018-05-21 18:22:07,466 - root - INFO - 登陆失败断言
2018-05-21 18:22:07,466 - root - INFO - __________end____________
2018-05-21 18:22:09,613 - root - INFO - 进入注册页面
2018-05-21 18:22:09,779 - root - INFO - 输入注册账号
2018-05-21 18:22:09,889 - root - INFO - 输入注册密码
2018-05-21 18:22:10,008 - root - INFO - 确认注册密码
2018-05-21 18:22:10,112 - root - INFO - 复制输入内推码
2018-05-21 18:22:10,244 - root - INFO - 开始注册
2018-05-21 18:22:13,382 - root - INFO - 返回登陆界面
2018-05-21 18:22:14,384 - root - INFO - 注册失败断言
2018-05-21 18:22:14,386 - root - INFO - __________end____________
2018-05-21 18:22:24,567 - root - INFO - 进入注册页面
2018-05-21 18:22:24,741 - root - INFO - 输入注册账号
2018-05-21 18:22:24,864 - root - INFO - 输入注册密码
2018-05-21 18:22:24,983 - root - INFO - 确认注册密码
2018-05-21 18:22:25,063 - root - INFO - 复制输入内推码
2018-05-21 18:22:25,146 - root - INFO - 开始注册
2018-05-21 18:22:28,262 - root - INFO - 返回登陆界面
2018-05-21 18:22:29,263 - root - INFO - 注册失败断言
2018-05-21 18:22:29,266 - root - INFO - __________end____________
2018-05-21 18:22:39,506 - root - INFO - 进入注册页面
2018-05-21 18:22:39,683 - root - INFO - 输入注册账号
2018-05-21 18:22:39,808 - root - INFO - 输入注册密码
2018-05-21 18:22:39,923 - root - INFO - 确认注册密码
2018-05-21 18:22:39,997 - root - INFO - 复制输入内推码
2018-05-21 18:22:40,077 - root - INFO - 开始注册
2018-05-21 18:22:43,160 - root - INFO - 返回登陆界面
2018-05-21 18:22:44,161 - root - INFO - 注册失败断言
2018-05-21 18:22:44,162 - root - INFO - __________end____________
2018-05-21 18:22:54,272 - root - INFO - 进入注册页面
2018-05-21 18:22:54,410 - root - INFO - 输入注册账号
2018-05-21 18:22:54,515 - root - INFO - 输入注册密码
2018-05-21 18:22:54,613 - root - INFO - 确认注册密码
2018-05-21 18:22:54,681 - root - INFO - 复制输入内推码
2018-05-21 18:22:54,763 - root - INFO - 开始注册
2018-05-21 18:22:57,834 - root - INFO - 返回登陆界面
2018-05-21 18:22:58,838 - root - INFO - 注册失败断言
2018-05-21 18:22:58,839 - root - INFO - __________end____________
2018-05-21 18:58:54,205 - root - INFO - 输入账号
2018-05-21 18:58:54,363 - root - INFO - 输入密码
2018-05-21 18:58:54,456 - root - INFO - 开始登陆
2018-05-21 18:58:54,457 - root - INFO - 登陆完成
2018-05-21 18:58:59,098 - root - INFO - 获取内推码
2018-05-21 18:58:59,501 - root - INFO - 进入注册页面
2018-05-21 18:58:59,744 - root - INFO - 输入注册账号
2018-05-21 18:58:59,931 - root - INFO - 输入注册密码
2018-05-21 18:59:00,081 - root - INFO - 确认注册密码
2018-05-21 18:59:00,326 - root - INFO - 复制输入内推码
2018-05-21 18:59:00,410 - root - INFO - 开始注册
2018-05-21 18:59:13,450 - root - INFO - 注册完成
2018-05-21 18:59:13,629 - root - INFO - 输入账号
2018-05-21 18:59:13,757 - root - INFO - 输入密码
2018-05-21 18:59:13,834 - root - INFO - 开始登陆
2018-05-21 18:59:13,835 - root - INFO - 登陆完成
2018-05-21 18:59:13,838 - root - INFO - 登陆成功断言
2018-05-21 18:59:13,839 - root - INFO - __________end____________
2018-05-21 18:59:14,064 - root - INFO - 登陆成功断言
2018-05-21 18:59:14,064 - root - INFO - __________end____________
2018-05-21 18:59:15,435 - root - INFO - 登出
2018-05-21 18:59:17,590 - root - INFO - 输入账号
2018-05-21 18:59:17,720 - root - INFO - 输入密码
2018-05-21 18:59:17,794 - root - INFO - 开始登陆
2018-05-21 18:59:17,795 - root - INFO - 登陆完成
2018-05-21 18:59:20,939 - root - INFO - 获取内推码
2018-05-21 18:59:21,130 - root - INFO - 进入注册页面
2018-05-21 18:59:21,303 - root - INFO - 输入注册账号
2018-05-21 18:59:21,416 - root - INFO - 输入注册密码
2018-05-21 18:59:21,525 - root - INFO - 确认注册密码
2018-05-21 18:59:21,619 - root - INFO - 复制输入内推码
2018-05-21 18:59:21,695 - root - INFO - 开始注册
2018-05-21 18:59:34,793 - root - INFO - 注册完成
2018-05-21 18:59:34,909 - root - INFO - 进入注册页面
2018-05-21 18:59:35,084 - root - INFO - 输入注册账号
2018-05-21 18:59:35,213 - root - INFO - 输入注册密码
2018-05-21 18:59:35,334 - root - INFO - 确认注册密码
2018-05-21 18:59:35,427 - root - INFO - 复制输入内推码
2018-05-21 18:59:35,510 - root - INFO - 开始注册
2018-05-21 18:59:38,589 - root - INFO - 返回登陆界面
2018-05-21 18:59:39,591 - root - INFO - 注册完成
2018-05-21 18:59:39,818 - root - INFO - 输入账号
2018-05-21 18:59:39,972 - root - INFO - 输入密码
2018-05-21 18:59:40,097 - root - INFO - 开始登陆
2018-05-21 18:59:40,098 - root - INFO - 登陆完成
2018-05-21 18:59:40,098 - root - INFO - 登陆失败断言
2018-05-21 18:59:40,099 - root - INFO - __________end____________
2018-05-21 18:59:40,243 - root - INFO - 登陆失败断言
2018-05-21 18:59:40,244 - root - INFO - __________end____________
2018-05-21 18:59:42,393 - root - INFO - 进入注册页面
2018-05-21 18:59:42,567 - root - INFO - 输入注册账号
2018-05-21 18:59:42,690 - root - INFO - 输入注册密码
2018-05-21 18:59:42,801 - root - INFO - 确认注册密码
2018-05-21 18:59:42,885 - root - INFO - 复制输入内推码
2018-05-21 18:59:42,966 - root - INFO - 开始注册
2018-05-21 18:59:46,135 - root - INFO - 返回登陆界面
2018-05-21 18:59:47,140 - root - INFO - 注册失败断言
2018-05-21 18:59:47,141 - root - INFO - __________end____________
2018-05-21 18:59:57,299 - root - INFO - 进入注册页面
2018-05-21 18:59:57,487 - root - INFO - 输入注册账号
2018-05-21 18:59:57,612 - root - INFO - 输入注册密码
2018-05-21 18:59:57,731 - root - INFO - 确认注册密码
2018-05-21 18:59:57,816 - root - INFO - 复制输入内推码
2018-05-21 18:59:57,900 - root - INFO - 开始注册
2018-05-21 19:00:01,014 - root - INFO - 返回登陆界面
2018-05-21 19:00:02,015 - root - INFO - 注册失败断言
2018-05-21 19:00:02,016 - root - INFO - __________end____________
2018-05-21 19:00:12,159 - root - INFO - 进入注册页面
2018-05-21 19:00:12,343 - root - INFO - 输入注册账号
2018-05-21 19:00:12,473 - root - INFO - 输入注册密码
2018-05-21 19:00:12,589 - root - INFO - 确认注册密码
2018-05-21 19:00:12,669 - root - INFO - 复制输入内推码
2018-05-21 19:00:12,751 - root - INFO - 开始注册
2018-05-21 19:00:15,831 - root - INFO - 返回登陆界面
2018-05-21 19:00:16,832 - root - INFO - 注册失败断言
2018-05-21 19:00:16,833 - root - INFO - __________end____________
2018-05-21 19:00:26,927 - root - INFO - 进入注册页面
2018-05-21 19:00:27,075 - root - INFO - 输入注册账号
2018-05-21 19:00:27,184 - root - INFO - 输入注册密码
2018-05-21 19:00:27,294 - root - INFO - 确认注册密码
2018-05-21 19:00:27,366 - root - INFO - 复制输入内推码
2018-05-21 19:00:27,445 - root - INFO - 开始注册
2018-05-21 19:00:30,518 - root - INFO - 返回登陆界面
2018-05-21 19:00:31,519 - root - INFO - 注册失败断言
2018-05-21 19:00:31,520 - root - INFO - __________end____________
2018-05-21 19:00:43,699 - root - INFO - 输入账号
2018-05-21 19:00:43,852 - root - INFO - 输入密码
2018-05-21 19:00:43,945 - root - INFO - 开始登陆
2018-05-21 19:00:43,946 - root - INFO - 登陆完成
2018-05-21 19:00:47,234 - root - INFO - 获取内推码
2018-05-21 19:00:47,448 - root - INFO - 进入注册页面
2018-05-21 19:00:47,669 - root - INFO - 输入注册账号
2018-05-21 19:00:47,784 - root - INFO - 输入注册密码
2018-05-21 19:00:47,900 - root - INFO - 确认注册密码
2018-05-21 19:00:47,984 - root - INFO - 复制输入内推码
2018-05-21 19:00:48,062 - root - INFO - 开始注册
2018-05-21 19:01:01,089 - root - INFO - 注册完成
2018-05-21 19:01:01,208 - root - INFO - 进入注册页面
2018-05-21 19:01:01,389 - root - INFO - 输入注册账号
2018-05-21 19:01:01,512 - root - INFO - 输入注册密码
2018-05-21 19:01:01,626 - root - INFO - 确认注册密码
2018-05-21 19:01:01,714 - root - INFO - 复制输入内推码
2018-05-21 19:01:01,795 - root - INFO - 开始注册
2018-05-21 19:01:04,874 - root - INFO - 返回登陆界面
2018-05-21 19:01:05,876 - root - INFO - 注册完成
2018-05-21 19:01:05,877 - root - INFO - 注册失败断言
2018-05-21 19:01:05,877 - root - INFO - __________end____________
2018-05-21 19:01:18,013 - root - INFO - 进入注册页面
2018-05-21 19:01:18,151 - root - INFO - 输入注册账号
2018-05-21 19:01:18,252 - root - INFO - 输入注册密码
2018-05-21 19:01:18,351 - root - INFO - 确认注册密码
2018-05-21 19:01:18,433 - root - INFO - 复制输入内推码
2018-05-21 19:01:18,512 - root - INFO - 开始注册
2018-05-21 19:01:21,593 - root - INFO - 返回登陆界面
2018-05-21 19:01:22,594 - root - INFO - 注册失败断言
2018-05-21 19:01:22,595 - root - INFO - __________end____________
2018-05-21 19:01:34,716 - root - INFO - 进入注册页面
2018-05-21 19:01:34,845 - root - INFO - 输入注册账号
2018-05-21 19:01:35,023 - root - INFO - 输入注册密码
2018-05-21 19:01:35,197 - root - INFO - 确认注册密码
2018-05-21 19:01:35,271 - root - INFO - 复制输入内推码
2018-05-21 19:01:35,352 - root - INFO - 开始注册
2018-05-21 19:01:38,429 - root - INFO - 返回登陆界面
2018-05-21 19:01:39,429 - root - INFO - 注册失败断言
2018-05-21 19:01:39,430 - root - INFO - __________end____________
2018-05-21 19:01:51,647 - root - INFO - 进入注册页面
2018-05-21 19:01:51,817 - root - INFO - 输入注册账号
2018-05-21 19:01:51,909 - root - INFO - 输入注册密码
2018-05-21 19:01:51,976 - root - INFO - 确认注册密码
2018-05-21 19:01:52,058 - root - INFO - 复制输入内推码
2018-05-21 19:01:52,148 - root - INFO - 开始注册
2018-05-21 19:01:55,268 - root - INFO - 返回登陆界面
2018-05-21 19:01:56,276 - root - INFO - 注册失败断言
2018-05-21 19:01:56,277 - root - INFO - __________end____________
2018-05-21 19:02:08,481 - root - INFO - 进入注册页面
2018-05-21 19:02:08,564 - root - INFO - 输入注册账号
2018-05-21 19:02:08,700 - root - INFO - 输入注册密码
2018-05-21 19:02:08,816 - root - INFO - 确认注册密码
2018-05-21 19:02:08,913 - root - INFO - 复制输入内推码
2018-05-21 19:02:08,996 - root - INFO - 开始注册
2018-05-21 19:02:12,083 - root - INFO - 返回登陆界面
2018-05-21 19:02:13,084 - root - INFO - 注册失败断言
2018-05-21 19:02:13,085 - root - INFO - __________end____________
2018-05-21 19:17:21,308 - root - INFO - 输入账号
2018-05-21 19:17:21,463 - root - INFO - 输入密码
2018-05-21 19:17:21,547 - root - INFO - 开始登陆
2018-05-21 19:17:21,548 - root - INFO - 登陆完成
2018-05-21 19:17:27,537 - root - INFO - 获取内推码
2018-05-21 19:17:27,948 - root - INFO - 进入注册页面
2018-05-21 19:17:28,100 - root - INFO - 输入注册账号
2018-05-21 19:17:28,209 - root - INFO - 输入注册密码
2018-05-21 19:17:28,318 - root - INFO - 确认注册密码
2018-05-21 19:17:28,399 - root - INFO - 复制输入内推码
2018-05-21 19:17:28,477 - root - INFO - 开始注册
2018-05-21 19:17:41,514 - root - INFO - 注册完成
2018-05-21 19:17:41,684 - root - INFO - 输入账号
2018-05-21 19:17:41,798 - root - INFO - 输入密码
2018-05-21 19:17:41,880 - root - INFO - 开始登陆
2018-05-21 19:17:41,881 - root - INFO - 登陆完成
2018-05-21 19:17:41,882 - root - INFO - 登陆成功断言
2018-05-21 19:17:41,883 - root - INFO - __________end____________
2018-05-21 19:17:42,114 - root - INFO - 登陆成功断言
2018-05-21 19:17:42,115 - root - INFO - __________end____________
2018-05-21 19:17:43,468 - root - INFO - 登出
2018-05-21 19:17:45,675 - root - INFO - 输入账号
2018-05-21 19:17:45,801 - root - INFO - 输入密码
2018-05-21 19:17:45,876 - root - INFO - 开始登陆
2018-05-21 19:17:45,877 - root - INFO - 登陆完成
2018-05-21 19:17:49,052 - root - INFO - 获取内推码
2018-05-21 19:17:49,250 - root - INFO - 进入注册页面
2018-05-21 19:17:49,415 - root - INFO - 输入注册账号
2018-05-21 19:17:49,516 - root - INFO - 输入注册密码
2018-05-21 19:17:49,611 - root - INFO - 确认注册密码
2018-05-21 19:17:49,687 - root - INFO - 复制输入内推码
2018-05-21 19:17:49,764 - root - INFO - 开始注册
2018-05-21 19:17:52,833 - root - INFO - 返回登陆界面
2018-05-21 19:17:53,834 - root - INFO - 注册完成
2018-05-21 19:17:53,837 - root - INFO - 注册失败断言
2018-05-21 19:17:53,837 - root - INFO - __________end____________
2018-05-21 19:18:05,953 - root - INFO - 输入账号
2018-05-21 19:18:06,058 - root - INFO - 输入密码
2018-05-21 19:18:06,130 - root - INFO - 开始登陆
2018-05-21 19:18:06,131 - root - INFO - 登陆完成
2018-05-21 19:18:09,380 - root - INFO - 获取内推码
2018-05-21 19:18:09,563 - root - INFO - 进入注册页面
2018-05-21 19:18:09,709 - root - INFO - 输入注册账号
2018-05-21 19:18:09,802 - root - INFO - 输入注册密码
2018-05-21 19:18:09,892 - root - INFO - 确认注册密码
2018-05-21 19:18:09,966 - root - INFO - 复制输入内推码
2018-05-21 19:18:10,045 - root - INFO - 开始注册
2018-05-21 19:18:23,061 - root - INFO - 注册完成
2018-05-21 19:18:23,180 - root - INFO - 进入注册页面
2018-05-21 19:18:23,344 - root - INFO - 输入注册账号
2018-05-21 19:18:23,468 - root - INFO - 输入注册密码
2018-05-21 19:18:23,578 - root - INFO - 确认注册密码
2018-05-21 19:18:23,658 - root - INFO - 复制输入内推码
2018-05-21 19:18:23,736 - root - INFO - 开始注册
2018-05-21 19:18:26,866 - root - INFO - 返回登陆界面
2018-05-21 19:18:27,866 - root - INFO - 注册完成
2018-05-21 19:18:28,013 - root - INFO - 输入账号
2018-05-21 19:18:28,125 - root - INFO - 输入密码
2018-05-21 19:18:28,199 - root - INFO - 开始登陆
2018-05-21 19:18:28,200 - root - INFO - 登陆完成
2018-05-21 19:18:28,200 - root - INFO - 登陆失败断言
2018-05-21 19:18:28,201 - root - INFO - __________end____________
2018-05-21 19:18:28,328 - root - INFO - 登陆失败断言
2018-05-21 19:18:28,329 - root - INFO - __________end____________
2018-05-21 19:18:30,460 - root - INFO - 进入注册页面
2018-05-21 19:18:30,603 - root - INFO - 输入注册账号
2018-05-21 19:18:30,704 - root - INFO - 输入注册密码
2018-05-21 19:18:30,796 - root - INFO - 确认注册密码
2018-05-21 19:18:30,869 - root - INFO - 复制输入内推码
2018-05-21 19:18:30,949 - root - INFO - 开始注册
2018-05-21 19:18:34,062 - root - INFO - 返回登陆界面
2018-05-21 19:18:35,063 - root - INFO - 注册失败断言
2018-05-21 19:18:35,064 - root - INFO - __________end____________
2018-05-21 19:18:45,260 - root - INFO - 进入注册页面
2018-05-21 19:18:45,551 - root - INFO - 输入注册账号
2018-05-21 19:18:45,686 - root - INFO - 输入注册密码
2018-05-21 19:18:45,845 - root - INFO - 确认注册密码
2018-05-21 19:18:45,950 - root - INFO - 复制输入内推码
2018-05-21 19:18:46,030 - root - INFO - 开始注册
2018-05-21 19:18:49,125 - root - INFO - 返回登陆界面
2018-05-21 19:18:50,126 - root - INFO - 注册失败断言
2018-05-21 19:18:50,127 - root - INFO - __________end____________
2018-05-21 19:19:00,229 - root - INFO - 进入注册页面
2018-05-21 19:19:00,383 - root - INFO - 输入注册账号
2018-05-21 19:19:00,490 - root - INFO - 输入注册密码
2018-05-21 19:19:00,597 - root - INFO - 确认注册密码
2018-05-21 19:19:00,664 - root - INFO - 复制输入内推码
2018-05-21 19:19:00,743 - root - INFO - 开始注册
2018-05-21 19:19:03,814 - root - INFO - 返回登陆界面
2018-05-21 19:19:04,814 - root - INFO - 注册失败断言
2018-05-21 19:19:04,814 - root - INFO - __________end____________
2018-05-21 19:19:14,923 - root - INFO - 进入注册页面
2018-05-21 19:19:15,034 - root - INFO - 输入注册账号
2018-05-21 19:19:15,131 - root - INFO - 输入注册密码
2018-05-21 19:19:15,222 - root - INFO - 确认注册密码
2018-05-21 19:19:15,296 - root - INFO - 复制输入内推码
2018-05-21 19:19:15,372 - root - INFO - 开始注册
2018-05-21 19:19:18,448 - root - INFO - 返回登陆界面
2018-05-21 19:19:19,449 - root - INFO - 注册失败断言
2018-05-21 19:19:19,453 - root - INFO - __________end____________
2018-05-21 19:19:31,678 - root - INFO - 输入账号
2018-05-21 19:19:31,828 - root - INFO - 输入密码
2018-05-21 19:19:31,918 - root - INFO - 开始登陆
2018-05-21 19:19:31,919 - root - INFO - 登陆完成
2018-05-21 19:19:35,197 - root - INFO - 获取内推码
2018-05-21 19:19:35,378 - root - INFO - 进入注册页面
2018-05-21 19:19:35,548 - root - INFO - 输入注册账号
2018-05-21 19:19:35,649 - root - INFO - 输入注册密码
2018-05-21 19:19:35,748 - root - INFO - 确认注册密码
2018-05-21 19:19:35,826 - root - INFO - 复制输入内推码
2018-05-21 19:19:35,897 - root - INFO - 开始注册
2018-05-21 19:19:48,953 - root - INFO - 注册完成
2018-05-21 19:19:49,067 - root - INFO - 进入注册页面
2018-05-21 19:19:49,247 - root - INFO - 输入注册账号
2018-05-21 19:19:49,374 - root - INFO - 输入注册密码
2018-05-21 19:19:49,485 - root - INFO - 确认注册密码
2018-05-21 19:19:49,564 - root - INFO - 复制输入内推码
2018-05-21 19:19:49,643 - root - INFO - 开始注册
2018-05-21 19:19:52,729 - root - INFO - 返回登陆界面
2018-05-21 19:19:53,730 - root - INFO - 注册完成
2018-05-21 19:19:53,731 - root - INFO - 注册失败断言
2018-05-21 19:19:53,732 - root - INFO - __________end____________
2018-05-21 19:20:05,881 - root - INFO - 进入注册页面
2018-05-21 19:20:06,019 - root - INFO - 输入注册账号
2018-05-21 19:20:06,118 - root - INFO - 输入注册密码
2018-05-21 19:20:06,218 - root - INFO - 确认注册密码
2018-05-21 19:20:06,298 - root - INFO - 复制输入内推码
2018-05-21 19:20:06,372 - root - INFO - 开始注册
2018-05-21 19:20:09,448 - root - INFO - 返回登陆界面
2018-05-21 19:20:10,448 - root - INFO - 注册失败断言
2018-05-21 19:20:10,449 - root - INFO - __________end____________
2018-05-21 19:20:22,646 - root - INFO - 进入注册页面
2018-05-21 19:20:22,767 - root - INFO - 输入注册账号
2018-05-21 19:20:22,946 - root - INFO - 输入注册密码
2018-05-21 19:20:23,100 - root - INFO - 确认注册密码
2018-05-21 19:20:23,165 - root - INFO - 复制输入内推码
2018-05-21 19:20:23,244 - root - INFO - 开始注册
2018-05-21 19:20:26,315 - root - INFO - 返回登陆界面
2018-05-21 19:20:27,316 - root - INFO - 注册失败断言
2018-05-21 19:20:27,317 - root - INFO - __________end____________
2018-05-21 19:20:39,490 - root - INFO - 进入注册页面
2018-05-21 19:20:39,662 - root - INFO - 输入注册账号
2018-05-21 19:20:39,741 - root - INFO - 输入注册密码
2018-05-21 19:20:39,801 - root - INFO - 确认注册密码
2018-05-21 19:20:39,879 - root - INFO - 复制输入内推码
2018-05-21 19:20:39,958 - root - INFO - 开始注册
2018-05-21 19:20:43,036 - root - INFO - 返回登陆界面
2018-05-21 19:20:44,046 - root - INFO - 注册失败断言
2018-05-21 19:20:44,047 - root - INFO - __________end____________
2018-05-21 19:20:56,275 - root - INFO - 进入注册页面
2018-05-21 19:20:56,360 - root - INFO - 输入注册账号
2018-05-21 19:20:56,488 - root - INFO - 输入注册密码
2018-05-21 19:20:56,602 - root - INFO - 确认注册密码
2018-05-21 19:20:56,702 - root - INFO - 复制输入内推码
2018-05-21 19:20:56,776 - root - INFO - 开始注册
2018-05-21 19:20:59,862 - root - INFO - 返回登陆界面
2018-05-21 19:21:00,863 - root - INFO - 注册失败断言
2018-05-21 19:21:00,864 - root - INFO - __________end____________
2018-05-21 19:21:13,049 - root - INFO - 进入注册页面
2018-05-21 19:21:13,217 - root - INFO - 输入注册账号
2018-05-21 19:21:13,331 - root - INFO - 输入注册密码
2018-05-21 19:21:13,426 - root - INFO - 确认注册密码
2018-05-21 19:21:13,499 - root - INFO - 复制输入内推码
2018-05-21 19:21:13,584 - root - INFO - 开始注册
2018-05-21 19:21:16,664 - root - INFO - 返回登陆界面
2018-05-21 19:21:20,666 - root - INFO - 注册失败断言
2018-05-21 19:21:20,667 - root - INFO - __________end____________
