2018-05-22 11:23:07,681 - root - INFO - 输入账号
2018-05-22 11:23:07,806 - root - INFO - 输入密码
2018-05-22 11:23:07,884 - root - INFO - 开始登陆
2018-05-22 11:23:07,900 - root - INFO - 登陆完成
2018-05-22 11:23:12,838 - root - INFO - 获取内推码
2018-05-22 11:23:13,277 - root - INFO - 进入注册页面
2018-05-22 11:23:13,464 - root - INFO - 输入注册账号
2018-05-22 11:23:13,670 - root - INFO - 输入注册密码
2018-05-22 11:23:13,795 - root - INFO - 确认注册密码
2018-05-22 11:23:13,858 - root - INFO - 复制输入内推码
2018-05-22 11:23:13,952 - root - INFO - 开始注册
2018-05-22 11:23:17,030 - root - INFO - 返回登陆界面
2018-05-22 11:23:18,030 - root - INFO - 注册完成
2018-05-22 11:23:18,030 - root - INFO - 注册失败断言
2018-05-22 11:23:18,030 - root - INFO - __________end____________
2018-05-22 11:27:02,436 - root - INFO - 输入账号
2018-05-22 11:27:02,565 - root - INFO - 输入密码
2018-05-22 11:27:02,642 - root - INFO - 开始登陆
2018-05-22 11:27:02,644 - root - INFO - 登陆完成
2018-05-22 11:27:07,437 - root - INFO - 获取内推码
2018-05-22 11:27:07,850 - root - INFO - 进入注册页面
2018-05-22 11:27:07,971 - root - INFO - 输入注册账号
2018-05-22 11:27:08,062 - root - INFO - 输入注册密码
2018-05-22 11:27:08,142 - root - INFO - 确认注册密码
2018-05-22 11:27:08,202 - root - INFO - 复制输入内推码
2018-05-22 11:27:08,274 - root - INFO - 开始注册
2018-05-22 11:27:11,386 - root - INFO - 返回登陆界面
2018-05-22 11:27:12,388 - root - INFO - 注册完成
2018-05-22 11:27:12,389 - root - INFO - 注册失败断言
2018-05-22 11:27:12,390 - root - INFO - __________end____________
2018-05-22 11:30:25,223 - root - INFO - 输入账号
2018-05-22 11:30:25,349 - root - INFO - 输入密码
2018-05-22 11:30:25,443 - root - INFO - 开始登陆
2018-05-22 11:30:25,443 - root - INFO - 登陆完成
2018-05-22 11:30:30,467 - root - INFO - 获取内推码
2018-05-22 11:30:30,827 - root - INFO - 进入注册页面
2018-05-22 11:30:30,999 - root - INFO - 输入注册账号
2018-05-22 11:30:31,132 - root - INFO - 输入注册密码
2018-05-22 11:30:31,258 - root - INFO - 确认注册密码
2018-05-22 11:30:31,532 - root - INFO - 复制输入内推码
2018-05-22 11:30:31,610 - root - INFO - 开始注册
2018-05-22 11:30:34,697 - root - INFO - 返回登陆界面
2018-05-22 11:30:35,712 - root - INFO - 注册完成
2018-05-22 11:30:35,712 - root - INFO - 注册失败断言
2018-05-22 11:30:35,712 - root - INFO - __________end____________
